[     428ms] [INFO] %cDownload the React DevTools for a better development experience: https://reactjs.org/link/react-devtools font-weight:bold @ webpack-internal:///(app-pages-browser)/./node_modules/next/dist/compiled/react-dom/cjs/react-dom.development.js:38559
[     663ms] [LOG] Service Worker registered: http://localhost:3000/ @ webpack-internal:///(app-pages-browser)/./src/components/ServiceWorkerRegistration.tsx:13
[     663ms] [LOG] Service Worker registered: http://localhost:3000/ @ webpack-internal:///(app-pages-browser)/./src/components/ServiceWorkerRegistration.tsx:13
[    1671ms] [LOG] [Fast Refresh] rebuilding @ webpack-internal:///(app-pages-browser)/./node_modules/next/dist/client/components/react-dev-overlay/app/hot-reloader-client.js:186
[    1678ms] [LOG] [Fast Refresh] done in 7ms @ webpack-internal:///(app-pages-browser)/./node_modules/next/dist/client/components/react-dev-overlay/app/hot-reloader-client.js:43
[    2036ms] [ERROR] Failed to load resource: the server responded with a status of 406 () @ https://cziphinlzfnlqlvynwnm.supabase.co/rest/v1/quiz_sessions?select=id%2Coutcome%2Capplication_type%2Ccompleted_at&user_id=eq.d654c937-d780-4e30-9388-5bfcd080c2d2&order=completed_at.desc&limit=1:0
[    2113ms] [ERROR] Failed to load resource: the server responded with a status of 406 () @ https://cziphinlzfnlqlvynwnm.supabase.co/rest/v1/quiz_sessions?select=id%2Coutcome%2Capplication_type%2Ccompleted_at&user_id=eq.d654c937-d780-4e30-9388-5bfcd080c2d2&order=completed_at.desc&limit=1:0
[    2324ms] [ERROR] Failed to load resource: the server responded with a status of 404 (Not Found) @ http://localhost:3000/icons/icon-192.png:0
[    2327ms] [ERROR] Failed to load resource: the server responded with a status of 404 (Not Found) @ http://localhost:3000/_next/static/webpack/22c202b2eecb7cd2.webpack.hot-update.json:0
[    2337ms] [ERROR] Failed to fetch RSC payload for http://localhost:3000/dashboard. Falling back to browser navigation. TypeError: Failed to fetch
    at fetchServerResponse (webpack-internal:///(app-pages-browser)/./node_modules/next/dist/client/components/router-reducer/fetch-server-response.js:59:27)
    at fastRefreshReducerImpl (webpack-internal:///(app-pages-browser)/./node_modules/next/dist/client/components/router-reducer/reducers/fast-refresh-reducer.js:33:67)
    at clientReducer (webpack-internal:///(app-pages-browser)/./node_modules/next/dist/client/components/router-reducer/router-reducer.js:41:67)
    at Object.action (webpack-internal:///(app-pages-browser)/./node_modules/next/dist/shared/lib/router/action-queue.js:150:55)
    at runAction (webpack-internal:///(app-pages-browser)/./node_modules/next/dist/shared/lib/router/action-queue.js:56:38)
    at dispatchAction (webpack-internal:///(app-pages-browser)/./node_modules/next/dist/shared/lib/router/action-queue.js:113:9)
    at Object.dispatch (webpack-internal:///(app-pages-browser)/./node_modules/next/dist/shared/lib/router/action-queue.js:145:40)
    at eval (webpack-internal:///(app-pages-browser)/./node_modules/next/dist/client/components/use-reducer-with-devtools.js:130:21)
    at eval (webpack-internal:///(app-pages-browser)/./node_modules/next/dist/client/components/app-router.js:304:25)
    at startTransition (webpack-internal:///(app-pages-browser)/./node_modules/next/dist/compiled/react/cjs/react.development.js:2597:25)
    at Object.fastRefresh (webpack-internal:///(app-pages-browser)/./node_modules/next/dist/client/components/app-router.js:303:48)
    at processMessage (webpack-internal:///(app-pages-browser)/./node_modules/next/dist/client/components/react-dev-overlay/app/hot-reloader-client.js:297:31)
    at WebSocket.handler (webpack-internal:///(app-pages-browser)/./node_modules/next/dist/client/components/react-dev-overlay/app/hot-reloader-client.js:395:17) @ webpack-internal:///(app-pages-browser)/./node_modules/next/dist/client/app-index.js:32
[    2345ms] [WARNING] Error while trying to use the following icon from the Manifest: http://localhost:3000/icons/icon-192.png (Download error or resource isn't a valid image) @ http://localhost:3000/dashboard:0
[    2470ms] [INFO] %cDownload the React DevTools for a better development experience: https://reactjs.org/link/react-devtools font-weight:bold @ webpack-internal:///(app-pages-browser)/./node_modules/next/dist/compiled/react-dom/cjs/react-dom.development.js:38559
[    2534ms] [ERROR] Failed to load resource: the server responded with a status of 404 (Not Found) @ http://localhost:3000/icons/icon-192.png:0
[    2544ms] [WARNING] Error while trying to use the following icon from the Manifest: http://localhost:3000/icons/icon-192.png (Download error or resource isn't a valid image) @ http://localhost:3000/dashboard:0
[    2797ms] [ERROR] Failed to load resource: the server responded with a status of 406 () @ https://cziphinlzfnlqlvynwnm.supabase.co/rest/v1/quiz_sessions?select=id%2Coutcome%2Capplication_type%2Ccompleted_at&user_id=eq.d654c937-d780-4e30-9388-5bfcd080c2d2&order=completed_at.desc&limit=1:0
[    2885ms] [ERROR] Failed to load resource: the server responded with a status of 406 () @ https://cziphinlzfnlqlvynwnm.supabase.co/rest/v1/quiz_sessions?select=id%2Coutcome%2Capplication_type%2Ccompleted_at&user_id=eq.d654c937-d780-4e30-9388-5bfcd080c2d2&order=completed_at.desc&limit=1:0
[    4346ms] [LOG] Service Worker registered: http://localhost:3000/ @ webpack-internal:///(app-pages-browser)/./src/components/ServiceWorkerRegistration.tsx:13
[    4346ms] [LOG] Service Worker registered: http://localhost:3000/ @ webpack-internal:///(app-pages-browser)/./src/components/ServiceWorkerRegistration.tsx:13
